{"name": "桌面页 - 点击酷玩盒子", "status": "broken", "statusDetails": {"message": "selenium.common.exceptions.TimeoutException: Message: \nStacktrace:\nNoSuchElementError: An element could not be located on the page using the given search parameters.\n    at AndroidUiautomator2Driver.findElOrEls (E:\\DM\\ShirleyPytest\\node_modules\\appium-uiautomator2-driver\\node_modules\\appium-android-driver\\lib\\commands\\find.js:75:11)\n    at processTicksAndRejections (node:internal/process/task_queues:95:5)\n    at AndroidUiautomator2Driver.findElOrElsWithProcessing (E:\\DM\\ShirleyPytest\\node_modules\\@appium\\base-driver\\lib\\basedriver\\commands\\find.ts:60:12)\n    at AndroidUiautomator2Driver.findElement (E:\\DM\\ShirleyPytest\\node_modules\\@appium\\base-driver\\lib\\basedriver\\commands\\find.ts:75:12)", "trace": "self = <scripts.test03_click_appicon.TestCarcenter object at 0x000001CAA79E5180>\nargs = {'assertText1': '趣味外放', 'assertText2': '灯光秀', 'screen': '点击酷玩盒子', 'stepInfo': '正在点击酷玩盒子图标', ...}\n\n    @allure.severity(allure.severity_level.BLOCKER)\n    @allure.title(\"原始标题\")\n    # 用例地址网址\n    @allure.testcase(name=\"测试用例地址\",url=\"https://dfjira.voyah.cn/projects/H37/summary\")\n    # 缺陷地址网址\n    @allure.issue(name=\"bug地址\",url=\"https://dfjira.voyah.cn/issues/?filter=14971\")\n    @pytest.mark.parametrize(\"args\", analyze_data(\"desktop_page_data\", \"test_desktop_page\"))\n    def test_click_appicon(self,args):\n        # 解析数据\n        assertText1 = args[\"assertText1\"]\n        assertText2 = args[\"assertText2\"]\n        toastPass = args[\"toastPass\"]\n        toastFail = args[\"toastFail\"]\n        titleText = args[\"titleText\"]\n        screen = args[\"screen\"]\n        # 测试用例名\n        allure.dynamic.title(f\"{titleText}\")\n        with allure.step(f'步骤1：{titleText}'):\n            self.base.screen(f'{screen}前')\n>           self.page.desktop.click_desktopAppicon(args)\n\nscripts\\test03_click_appicon.py:47: \n_ _ _ _ _ _ _ _ _ _ _ _ _ _ _ _ _ _ _ _ _ _ _ _ _ _ _ _ _ _ _ _ _ _ _ _ _ _ _ _ _ _ _ _ _ _ _ _ _ _ _ _ _ _ _ _ _ _ _ _\npage\\desktop_page.py:27: in click_desktopAppicon\n    self.click(desktopAppicon)\nbase\\base_action.py:44: in click\n    self.find_element(feature, timeout, poll).click()\nbase\\base_action.py:25: in find_element\n    return WebDriverWait(self.driver, timeout, poll).until(lambda x: x.find_element(*feature))\n_ _ _ _ _ _ _ _ _ _ _ _ _ _ _ _ _ _ _ _ _ _ _ _ _ _ _ _ _ _ _ _ _ _ _ _ _ _ _ _ _ _ _ _ _ _ _ _ _ _ _ _ _ _ _ _ _ _ _ _\n\nself = <selenium.webdriver.support.wait.WebDriverWait (session=\"fa7186d6-63ca-47e0-aded-8f0bf4b2a186\")>\nmethod = <function BaseAction.find_element.<locals>.<lambda> at 0x000001CAA7988A60>, message = ''\n\n    def until(self, method, message: str = \"\"):\n        \"\"\"Calls the method provided with the driver as an argument until the \\\n        return value does not evaluate to ``False``.\n    \n        :param method: callable(WebDriver)\n        :param message: optional message for :exc:`TimeoutException`\n        :returns: the result of the last call to `method`\n        :raises: :exc:`selenium.common.exceptions.TimeoutException` if timeout occurs\n        \"\"\"\n        screen = None\n        stacktrace = None\n    \n        end_time = time.monotonic() + self._timeout\n        while True:\n            try:\n                value = method(self._driver)\n                if value:\n                    return value\n            except self._ignored_exceptions as exc:\n                screen = getattr(exc, \"screen\", None)\n                stacktrace = getattr(exc, \"stacktrace\", None)\n            time.sleep(self._poll)\n            if time.monotonic() > end_time:\n                break\n>       raise TimeoutException(message, screen, stacktrace)\nE       selenium.common.exceptions.TimeoutException: Message: \nE       Stacktrace:\nE       NoSuchElementError: An element could not be located on the page using the given search parameters.\nE           at AndroidUiautomator2Driver.findElOrEls (E:\\DM\\ShirleyPytest\\node_modules\\appium-uiautomator2-driver\\node_modules\\appium-android-driver\\lib\\commands\\find.js:75:11)\nE           at processTicksAndRejections (node:internal/process/task_queues:95:5)\nE           at AndroidUiautomator2Driver.findElOrElsWithProcessing (E:\\DM\\ShirleyPytest\\node_modules\\@appium\\base-driver\\lib\\basedriver\\commands\\find.ts:60:12)\nE           at AndroidUiautomator2Driver.findElement (E:\\DM\\ShirleyPytest\\node_modules\\@appium\\base-driver\\lib\\basedriver\\commands\\find.ts:75:12)\n\nD:\\software\\Python310\\lib\\site-packages\\selenium\\webdriver\\support\\wait.py:95: TimeoutException"}, "steps": [{"name": "步骤1：桌面页 - 点击酷玩盒子", "status": "broken", "statusDetails": {"message": "selenium.common.exceptions.TimeoutException: Message: \nStacktrace:\nNoSuchElementError: An element could not be located on the page using the given search parameters.\n    at AndroidUiautomator2Driver.findElOrEls (E:\\DM\\ShirleyPytest\\node_modules\\appium-uiautomator2-driver\\node_modules\\appium-android-driver\\lib\\commands\\find.js:75:11)\n    at processTicksAndRejections (node:internal/process/task_queues:95:5)\n    at AndroidUiautomator2Driver.findElOrElsWithProcessing (E:\\DM\\ShirleyPytest\\node_modules\\@appium\\base-driver\\lib\\basedriver\\commands\\find.ts:60:12)\n    at AndroidUiautomator2Driver.findElement (E:\\DM\\ShirleyPytest\\node_modules\\@appium\\base-driver\\lib\\basedriver\\commands\\find.ts:75:12)\n", "trace": "  File \"E:\\DM\\ShirleyPytest\\scripts\\test03_click_appicon.py\", line 47, in test_click_appicon\n    self.page.desktop.click_desktopAppicon(args)\n  File \"E:\\DM\\ShirleyPytest\\page\\desktop_page.py\", line 27, in click_desktopAppicon\n    self.click(desktopAppicon)\n  File \"E:\\DM\\ShirleyPytest\\base\\base_action.py\", line 44, in click\n    self.find_element(feature, timeout, poll).click()\n  File \"E:\\DM\\ShirleyPytest\\base\\base_action.py\", line 25, in find_element\n    return WebDriverWait(self.driver, timeout, poll).until(lambda x: x.find_element(*feature))\n  File \"D:\\software\\Python310\\lib\\site-packages\\selenium\\webdriver\\support\\wait.py\", line 95, in until\n    raise TimeoutException(message, screen, stacktrace)\n"}, "attachments": [{"name": "点击酷玩盒子前", "source": "9ad484c6-67fb-4d60-89c7-82fd10ac2459-attachment.png", "type": "image/png"}], "start": 1701919331319, "stop": 1701919362895}], "attachments": [{"name": "log", "source": "18d9f4c3-8bf8-47d2-bd90-62eab7a122c1-attachment.txt", "type": "text/plain"}], "parameters": [{"name": "args", "value": "{'xpath': \"//*[contains(@text,'酷玩盒子')]\", 'titleText': '桌面页 - 点击酷玩盒子', 'stepInfo': '正在点击酷玩盒子图标', 'screen': '点击酷玩盒子', 'assertText1': '趣味外放', 'assertText2': '灯光秀', 'toastPass': 'Pass,已打开酷玩盒子应用,更新状态断言成功', 'toastFail': 'Fail,没有打开酷玩盒子应用,更新状态断言失败'}"}], "start": 1701919331319, "stop": 1701919362895, "uuid": "e72a5b88-235e-47e1-b7bd-686680fb331b", "historyId": "e5c3319ff497eea6f18f8ef6f1ead2bd", "testCaseId": "7d358dcc0c0f9efda96697f83885171a", "fullName": "scripts.test03_click_appicon.TestCarcenter#test_click_appicon", "labels": [{"name": "feature", "value": "点击桌面上的图标"}, {"name": "severity", "value": "blocker"}, {"name": "parentSuite", "value": "scripts"}, {"name": "suite", "value": "test03_click_appicon"}, {"name": "subSuite", "value": "TestCarcenter"}, {"name": "host", "value": "H-K4E-234022"}, {"name": "thread", "value": "15836-MainThread"}, {"name": "framework", "value": "pytest"}, {"name": "language", "value": "cpython3"}, {"name": "package", "value": "scripts.test03_click_appicon"}], "links": [{"type": "issue", "url": "https://dfjira.voyah.cn/issues/?filter=14971", "name": "bug地址"}, {"type": "tms", "url": "https://dfjira.voyah.cn/projects/H37/summary", "name": "测试用例地址"}]}