{"name": "test_click_appicon[args21]", "status": "broken", "statusDetails": {"message": "selenium.common.exceptions.TimeoutException: Message: \nStacktrace:\nNoSuchElementError: An element could not be located on the page using the given search parameters.\n    at AndroidUiautomator2Driver.findElOrEls (C:\\Users\\8252134\\.appium\\node_modules\\appium-uiautomator2-driver\\node_modules\\appium-android-driver\\lib\\commands\\find.ts:87:11)\n    at processTicksAndRejections (node:internal/process/task_queues:95:5)\n    at AndroidUiautomator2Driver.findElOrElsWithProcessing (D:\\software\\nodejs\\node_global\\node_modules\\appium\\node_modules\\@appium\\base-driver\\lib\\basedriver\\commands\\find.ts:60:12)\n    at AndroidUiautomator2Driver.findElement (D:\\software\\nodejs\\node_global\\node_modules\\appium\\node_modules\\@appium\\base-driver\\lib\\basedriver\\commands\\find.ts:75:12)", "trace": "self = <scripts.test03_click_appicon.TestCarcenter object at 0x000001F093B61B10>\nargs = {'assertText1': '进入儿童座椅', 'assertText2': '发现设备', 'screen': '点击儿童座椅', 'stepInfo': '正在点击儿童座椅图标', ...}\n\n    @allure.severity(allure.severity_level.BLOCKER)\n    @pytest.mark.parametrize(\"args\", analyze_data(\"desktop_page_data\", \"test_desktop_page\"))\n    def test_click_appicon(self,args):\n        # 解析数据\n        assertText1 = args[\"assertText1\"]\n        assertText2 = args[\"assertText2\"]\n        toastPass = args[\"toastPass\"]\n        toastFail = args[\"toastFail\"]\n        titleText = args[\"titleText\"]\n        screen = args[\"screen\"]\n        with allure.step(f'步骤1：{titleText}'):\n            self.base.screen(f'{screen}前')\n>           self.page.desktop.click_desktopAppicon(args)\n\nscripts\\test03_click_appicon.py:40: \n_ _ _ _ _ _ _ _ _ _ _ _ _ _ _ _ _ _ _ _ _ _ _ _ _ _ _ _ _ _ _\npage\\desktop_page.py:27: in click_desktopAppicon\n    self.click(desktopAppicon)\nbase\\base_action.py:44: in click\n    self.find_element(feature, timeout, poll).click()\nbase\\base_action.py:25: in find_element\n    return WebDriverWait(self.driver, timeout, poll).until(lambda x: x.find_element(*feature))\n_ _ _ _ _ _ _ _ _ _ _ _ _ _ _ _ _ _ _ _ _ _ _ _ _ _ _ _ _ _ _\n\nself = <selenium.webdriver.support.wait.WebDriverWait (session=\"bb10c359-d158-40ec-a303-550b876f4a06\")>\nmethod = <function BaseAction.find_element.<locals>.<lambda> at 0x000001F093E1A170>\nmessage = ''\n\n    def until(self, method, message: str = \"\"):\n        \"\"\"Calls the method provided with the driver as an argument until the \\\n        return value does not evaluate to ``False``.\n    \n        :param method: callable(WebDriver)\n        :param message: optional message for :exc:`TimeoutException`\n        :returns: the result of the last call to `method`\n        :raises: :exc:`selenium.common.exceptions.TimeoutException` if timeout occurs\n        \"\"\"\n        screen = None\n        stacktrace = None\n    \n        end_time = time.monotonic() + self._timeout\n        while True:\n            try:\n                value = method(self._driver)\n                if value:\n                    return value\n            except self._ignored_exceptions as exc:\n                screen = getattr(exc, \"screen\", None)\n                stacktrace = getattr(exc, \"stacktrace\", None)\n            time.sleep(self._poll)\n            if time.monotonic() > end_time:\n                break\n>       raise TimeoutException(message, screen, stacktrace)\nE       selenium.common.exceptions.TimeoutException: Message: \nE       Stacktrace:\nE       NoSuchElementError: An element could not be located on the page using the given search parameters.\nE           at AndroidUiautomator2Driver.findElOrEls (C:\\Users\\8252134\\.appium\\node_modules\\appium-uiautomator2-driver\\node_modules\\appium-android-driver\\lib\\commands\\find.ts:87:11)\nE           at processTicksAndRejections (node:internal/process/task_queues:95:5)\nE           at AndroidUiautomator2Driver.findElOrElsWithProcessing (D:\\software\\nodejs\\node_global\\node_modules\\appium\\node_modules\\@appium\\base-driver\\lib\\basedriver\\commands\\find.ts:60:12)\nE           at AndroidUiautomator2Driver.findElement (D:\\software\\nodejs\\node_global\\node_modules\\appium\\node_modules\\@appium\\base-driver\\lib\\basedriver\\commands\\find.ts:75:12)\n\nD:\\software\\Python310\\lib\\site-packages\\selenium\\webdriver\\support\\wait.py:95: TimeoutException"}, "steps": [{"name": "步骤1：桌面页 - 点击儿童座椅", "status": "broken", "statusDetails": {"message": "selenium.common.exceptions.TimeoutException: Message: \nStacktrace:\nNoSuchElementError: An element could not be located on the page using the given search parameters.\n    at AndroidUiautomator2Driver.findElOrEls (C:\\Users\\8252134\\.appium\\node_modules\\appium-uiautomator2-driver\\node_modules\\appium-android-driver\\lib\\commands\\find.ts:87:11)\n    at processTicksAndRejections (node:internal/process/task_queues:95:5)\n    at AndroidUiautomator2Driver.findElOrElsWithProcessing (D:\\software\\nodejs\\node_global\\node_modules\\appium\\node_modules\\@appium\\base-driver\\lib\\basedriver\\commands\\find.ts:60:12)\n    at AndroidUiautomator2Driver.findElement (D:\\software\\nodejs\\node_global\\node_modules\\appium\\node_modules\\@appium\\base-driver\\lib\\basedriver\\commands\\find.ts:75:12)\n", "trace": "  File \"E:\\DM\\ShirleyPytest\\scripts\\test03_click_appicon.py\", line 40, in test_click_appicon\n    self.page.desktop.click_desktopAppicon(args)\n  File \"E:\\DM\\ShirleyPytest\\page\\desktop_page.py\", line 27, in click_desktopAppicon\n    self.click(desktopAppicon)\n  File \"E:\\DM\\ShirleyPytest\\base\\base_action.py\", line 44, in click\n    self.find_element(feature, timeout, poll).click()\n  File \"E:\\DM\\ShirleyPytest\\base\\base_action.py\", line 25, in find_element\n    return WebDriverWait(self.driver, timeout, poll).until(lambda x: x.find_element(*feature))\n  File \"D:\\software\\Python310\\lib\\site-packages\\selenium\\webdriver\\support\\wait.py\", line 95, in until\n    raise TimeoutException(message, screen, stacktrace)\n"}, "attachments": [{"name": "点击儿童座椅前", "source": "be75f4be-19f1-4631-ab29-52a737a8e83d-attachment.png", "type": "image/png"}], "start": 1699858291523, "stop": 1699858323186}], "attachments": [{"name": "log", "source": "cb180d02-2b57-4fa7-8f63-462d63163718-attachment.txt", "type": "text/plain"}], "parameters": [{"name": "args", "value": "{'xpath': \"//*[contains(@text,'儿童座椅')]\", 'titleText': '桌面页 - 点击儿童座椅', 'stepInfo': '正在点击儿童座椅图标', 'screen': '点击儿童座椅', 'assertText1': '进入儿童座椅', 'assertText2': '发现设备', 'toastPass': 'Pass,已打开儿童座椅应用,更新状态断言成功', 'toastFail': 'Fail,没有打开儿童座椅应用,更新状态断言失败'}"}], "start": 1699858291522, "stop": 1699858323186, "uuid": "cf3fdfc1-5343-4234-851d-d2c5e2a5bbdf", "historyId": "d23c08ad79424f0a2795867680bafb4f", "testCaseId": "7d358dcc0c0f9efda96697f83885171a", "fullName": "scripts.test03_click_appicon.TestCarcenter#test_click_appicon", "labels": [{"name": "feature", "value": "点击桌面上的图标"}, {"name": "severity", "value": "blocker"}, {"name": "parentSuite", "value": "scripts"}, {"name": "suite", "value": "test03_click_appicon"}, {"name": "subSuite", "value": "TestCarcenter"}, {"name": "host", "value": "H-K4E-234022"}, {"name": "thread", "value": "23308-MainThread"}, {"name": "framework", "value": "pytest"}, {"name": "language", "value": "cpython3"}, {"name": "package", "value": "scripts.test03_click_appicon"}]}