{"uid":"70e0118bbd45838c","name":"test_click_appicon[args11]","fullName":"scripts.test03_click_appicon.TestCarcenter#test_click_appicon","historyId":"4b7123af5ee11e474d914a2516fd8578","time":{"start":1699857545170,"stop":1699857551153,"duration":5983},"status":"passed","flaky":false,"newFailed":false,"newBroken":false,"newPassed":false,"retriesCount":6,"retriesStatusChange":true,"beforeStages":[{"name":"_xunit_setup_method_fixture_TestCarcenter","time":{"start":1699857534708,"stop":1699857545169,"duration":10461},"status":"passed","steps":[],"attachments":[],"parameters":[],"shouldDisplayMessage":false,"attachmentsCount":0,"hasContent":false,"stepsCount":0}],"testStage":{"status":"passed","steps":[{"name":"步骤1：桌面页 - 点击微场景","time":{"start":1699857545170,"stop":1699857546917,"duration":1747},"status":"passed","steps":[],"attachments":[{"uid":"e5889e76688c87de","name":"点击微场景前","source":"e5889e76688c87de.png","type":"image/png","size":1057807}],"parameters":[],"shouldDisplayMessage":false,"attachmentsCount":1,"hasContent":true,"stepsCount":0},{"name":"步骤2：点击后","time":{"start":1699857546917,"stop":1699857551153,"duration":4236},"status":"passed","steps":[],"attachments":[{"uid":"f85fe96221c6c290","name":"点击微场景后","source":"f85fe96221c6c290.png","type":"image/png","size":652901}],"parameters":[],"shouldDisplayMessage":false,"attachmentsCount":1,"hasContent":true,"stepsCount":0}],"attachments":[{"uid":"39c64178c4ad1fb1","name":"log","source":"39c64178c4ad1fb1.txt","type":"text/plain","size":174}],"parameters":[],"shouldDisplayMessage":false,"attachmentsCount":3,"hasContent":true,"stepsCount":2},"afterStages":[{"name":"_xunit_setup_method_fixture_TestCarcenter::0","time":{"start":1699857551155,"stop":1699857556448,"duration":5293},"status":"passed","steps":[],"attachments":[],"parameters":[],"shouldDisplayMessage":false,"attachmentsCount":0,"hasContent":false,"stepsCount":0}],"labels":[{"name":"feature","value":"点击桌面上的图标"},{"name":"severity","value":"blocker"},{"name":"parentSuite","value":"scripts"},{"name":"suite","value":"test03_click_appicon"},{"name":"subSuite","value":"TestCarcenter"},{"name":"host","value":"H-K4E-234022"},{"name":"thread","value":"23308-MainThread"},{"name":"framework","value":"pytest"},{"name":"language","value":"cpython3"},{"name":"package","value":"scripts.test03_click_appicon"},{"name":"resultFormat","value":"allure2"}],"parameters":[{"name":"args","value":"{'xpath': \"//*[contains(@text,'微场景')]\", 'titleText': '桌面页 - 点击微场景', 'stepInfo': '正在点击微场景图标', 'screen': '点击微场景', 'assertText1': '推荐', 'assertText2': '我的', 'toastPass': 'Pass,已打开微场景应用,更新状态断言成功', 'toastFail': 'Fail,没有打开微场景应用,更新状态断言失败'}"}],"links":[],"hidden":false,"retry":false,"extra":{"severity":"blocker","retries":[{"uid":"fd8dc71ae8e1848c","status":"broken","statusDetails":"selenium.common.exceptions.WebDriverException: Message: An unknown server-side error occurred while processing the command. Original error: Could not find a connected Android device in 20000ms\nStacktrace:\nUnknownError: An unknown server-side error occurred while processing the command. Original error: Could not find a connected Android device in 20000ms\n    at getResponseForW3CError (D:\\software\\nodejs\\node_global\\node_modules\\appium\\node_modules\\@appium\\base-driver\\lib\\protocol\\errors.js:1092:9)\n    at asyncHandler (D:\\software\\nodejs\\node_global\\node_modules\\appium\\node_modules\\@appium\\base-driver\\lib\\protocol\\protocol.js:491:57)","time":{"start":1699842740199,"stop":1699842740199,"duration":0}},{"uid":"53d8bd6a712f1296","status":"broken","statusDetails":"selenium.common.exceptions.WebDriverException: Message: An unknown server-side error occurred while processing the command. Original error: Could not find a connected Android device in 20000ms\nStacktrace:\nUnknownError: An unknown server-side error occurred while processing the command. Original error: Could not find a connected Android device in 20000ms\n    at getResponseForW3CError (D:\\software\\nodejs\\node_global\\node_modules\\appium\\node_modules\\@appium\\base-driver\\lib\\protocol\\errors.js:1092:9)\n    at asyncHandler (D:\\software\\nodejs\\node_global\\node_modules\\appium\\node_modules\\@appium\\base-driver\\lib\\protocol\\protocol.js:491:57)","time":{"start":1699842719913,"stop":1699842719913,"duration":0}},{"uid":"826355e270530d36","status":"broken","statusDetails":"selenium.common.exceptions.WebDriverException: Message: An unknown server-side error occurred while processing the command. Original error: Could not find a connected Android device in 20000ms\nStacktrace:\nUnknownError: An unknown server-side error occurred while processing the command. Original error: Could not find a connected Android device in 20000ms\n    at getResponseForW3CError (D:\\software\\nodejs\\node_global\\node_modules\\appium\\node_modules\\@appium\\base-driver\\lib\\protocol\\errors.js:1092:9)\n    at asyncHandler (D:\\software\\nodejs\\node_global\\node_modules\\appium\\node_modules\\@appium\\base-driver\\lib\\protocol\\protocol.js:491:57)","time":{"start":1699842699618,"stop":1699842699618,"duration":0}},{"uid":"68bedbe68007bb27","status":"broken","statusDetails":"selenium.common.exceptions.TimeoutException: Message: \nStacktrace:\nNoSuchElementError: An element could not be located on the page using the given search parameters.\n    at AndroidUiautomator2Driver.findElOrEls (E:\\DM\\ShirleyPytest\\node_modules\\appium-uiautomator2-driver\\node_modules\\appium-android-driver\\lib\\commands\\find.js:75:11)\n    at processTicksAndRejections (node:internal/process/task_queues:95:5)\n    at AndroidUiautomator2Driver.findElOrElsWithProcessing (E:\\DM\\ShirleyPytest\\node_modules\\@appium\\base-driver\\lib\\basedriver\\commands\\find.ts:60:12)\n    at AndroidUiautomator2Driver.findElement (E:\\DM\\ShirleyPytest\\node_modules\\@appium\\base-driver\\lib\\basedriver\\commands\\find.ts:75:12)","time":{"start":1698054743921,"stop":1698054774841,"duration":30920}},{"uid":"bf962a353f067a98","status":"broken","statusDetails":"selenium.common.exceptions.TimeoutException: Message: \nStacktrace:\nNoSuchElementError: An element could not be located on the page using the given search parameters.\n    at AndroidUiautomator2Driver.findElOrEls (E:\\DM\\ShirleyPytest\\node_modules\\appium-uiautomator2-driver\\node_modules\\appium-android-driver\\lib\\commands\\find.js:75:11)\n    at processTicksAndRejections (node:internal/process/task_queues:95:5)\n    at AndroidUiautomator2Driver.findElOrElsWithProcessing (E:\\DM\\ShirleyPytest\\node_modules\\@appium\\base-driver\\lib\\basedriver\\commands\\find.ts:60:12)\n    at AndroidUiautomator2Driver.findElement (E:\\DM\\ShirleyPytest\\node_modules\\@appium\\base-driver\\lib\\basedriver\\commands\\find.ts:75:12)","time":{"start":1698054696696,"stop":1698054728396,"duration":31700}},{"uid":"ec921131980e816f","status":"broken","statusDetails":"selenium.common.exceptions.TimeoutException: Message: \nStacktrace:\nNoSuchElementError: An element could not be located on the page using the given search parameters.\n    at AndroidUiautomator2Driver.findElOrEls (E:\\DM\\ShirleyPytest\\node_modules\\appium-uiautomator2-driver\\node_modules\\appium-android-driver\\lib\\commands\\find.js:75:11)\n    at processTicksAndRejections (node:internal/process/task_queues:95:5)\n    at AndroidUiautomator2Driver.findElOrElsWithProcessing (E:\\DM\\ShirleyPytest\\node_modules\\@appium\\base-driver\\lib\\basedriver\\commands\\find.ts:60:12)\n    at AndroidUiautomator2Driver.findElement (E:\\DM\\ShirleyPytest\\node_modules\\@appium\\base-driver\\lib\\basedriver\\commands\\find.ts:75:12)","time":{"start":1698054649226,"stop":1698054681136,"duration":31910}}],"categories":[],"tags":[]},"source":"70e0118bbd45838c.json","parameterValues":["{'xpath': \"//*[contains(@text,'微场景')]\", 'titleText': '桌面页 - 点击微场景', 'stepInfo': '正在点击微场景图标', 'screen': '点击微场景', 'assertText1': '推荐', 'assertText2': '我的', 'toastPass': 'Pass,已打开微场景应用,更新状态断言成功', 'toastFail': 'Fail,没有打开微场景应用,更新状态断言失败'}"]}