{"uid":"8d33c6c251366fc8","name":"test_click_appicon[args13]","fullName":"scripts.test03_click_appicon.TestCarcenter#test_click_appicon","historyId":"d6478e391b969e132f4a35129cc827d3","time":{"start":1698054932354,"stop":1698054964129,"duration":31775},"status":"broken","statusMessage":"selenium.common.exceptions.TimeoutException: Message: \nStacktrace:\nNoSuchElementError: An element could not be located on the page using the given search parameters.\n    at AndroidUiautomator2Driver.findElOrEls (E:\\DM\\ShirleyPytest\\node_modules\\appium-uiautomator2-driver\\node_modules\\appium-android-driver\\lib\\commands\\find.js:75:11)\n    at processTicksAndRejections (node:internal/process/task_queues:95:5)\n    at AndroidUiautomator2Driver.findElOrElsWithProcessing (E:\\DM\\ShirleyPytest\\node_modules\\@appium\\base-driver\\lib\\basedriver\\commands\\find.ts:60:12)\n    at AndroidUiautomator2Driver.findElement (E:\\DM\\ShirleyPytest\\node_modules\\@appium\\base-driver\\lib\\basedriver\\commands\\find.ts:75:12)","statusTrace":"self = <scripts.test03_click_appicon.TestCarcenter object at 0x000001BA3086D3C0>\nargs = {'assertText1': '正在获取二维码', 'assertText2': '', 'screen': '点击微信', 'stepInfo': '正在点击微信图标', ...}\n\n    @allure.severity(allure.severity_level.BLOCKER)\n    @pytest.mark.parametrize(\"args\", analyze_data(\"desktop_page_data\", \"test_desktop_page\"))\n    def test_click_appicon(self,args):\n        # 解析数据\n        assertText1 = args[\"assertText1\"]\n        assertText2 = args[\"assertText2\"]\n        toastPass = args[\"toastPass\"]\n        toastFail = args[\"toastFail\"]\n        titleText = args[\"titleText\"]\n        screen = args[\"screen\"]\n        with allure.step(f'步骤1：{titleText}'):\n            self.base.screen(f'{screen}前')\n>           self.page.desktop.click_desktopAppicon(args)\n\nscripts\\test03_click_appicon.py:40: \n_ _ _ _ _ _ _ _ _ _ _ _ _ _ _ _ _ _ _ _ _ _ _ _ _ _ _ _ _ _ _ _ _ _ _ _ _ _ _ _ _ _ _ _ _ _ _ _ _ _ _ _ _ _ _ _ _ _ _ _\npage\\desktop_page.py:28: in click_desktopAppicon\n    self.click(desktopAppicon)\nbase\\base_action.py:44: in click\n    self.find_element(feature, timeout, poll).click()\nbase\\base_action.py:25: in find_element\n    return WebDriverWait(self.driver, timeout, poll).until(lambda x: x.find_element(*feature))\n_ _ _ _ _ _ _ _ _ _ _ _ _ _ _ _ _ _ _ _ _ _ _ _ _ _ _ _ _ _ _ _ _ _ _ _ _ _ _ _ _ _ _ _ _ _ _ _ _ _ _ _ _ _ _ _ _ _ _ _\n\nself = <selenium.webdriver.support.wait.WebDriverWait (session=\"38a8455e-85e6-4620-9a3f-608b2bdc72dd\")>\nmethod = <function BaseAction.find_element.<locals>.<lambda> at 0x000001BA30AF8700>, message = ''\n\n    def until(self, method, message: str = \"\"):\n        \"\"\"Calls the method provided with the driver as an argument until the \\\n        return value does not evaluate to ``False``.\n    \n        :param method: callable(WebDriver)\n        :param message: optional message for :exc:`TimeoutException`\n        :returns: the result of the last call to `method`\n        :raises: :exc:`selenium.common.exceptions.TimeoutException` if timeout occurs\n        \"\"\"\n        screen = None\n        stacktrace = None\n    \n        end_time = time.monotonic() + self._timeout\n        while True:\n            try:\n                value = method(self._driver)\n                if value:\n                    return value\n            except self._ignored_exceptions as exc:\n                screen = getattr(exc, \"screen\", None)\n                stacktrace = getattr(exc, \"stacktrace\", None)\n            time.sleep(self._poll)\n            if time.monotonic() > end_time:\n                break\n>       raise TimeoutException(message, screen, stacktrace)\nE       selenium.common.exceptions.TimeoutException: Message: \nE       Stacktrace:\nE       NoSuchElementError: An element could not be located on the page using the given search parameters.\nE           at AndroidUiautomator2Driver.findElOrEls (E:\\DM\\ShirleyPytest\\node_modules\\appium-uiautomator2-driver\\node_modules\\appium-android-driver\\lib\\commands\\find.js:75:11)\nE           at processTicksAndRejections (node:internal/process/task_queues:95:5)\nE           at AndroidUiautomator2Driver.findElOrElsWithProcessing (E:\\DM\\ShirleyPytest\\node_modules\\@appium\\base-driver\\lib\\basedriver\\commands\\find.ts:60:12)\nE           at AndroidUiautomator2Driver.findElement (E:\\DM\\ShirleyPytest\\node_modules\\@appium\\base-driver\\lib\\basedriver\\commands\\find.ts:75:12)\n\nD:\\software\\Python310\\lib\\site-packages\\selenium\\webdriver\\support\\wait.py:95: TimeoutException","flaky":false,"newFailed":false,"newBroken":false,"newPassed":false,"retriesCount":0,"retriesStatusChange":false,"beforeStages":[{"name":"_xunit_setup_method_fixture_TestCarcenter","time":{"start":1698054922262,"stop":1698054932352,"duration":10090},"status":"passed","steps":[],"attachments":[],"parameters":[],"shouldDisplayMessage":false,"attachmentsCount":0,"stepsCount":0,"hasContent":false}],"testStage":{"status":"broken","statusMessage":"selenium.common.exceptions.TimeoutException: Message: \nStacktrace:\nNoSuchElementError: An element could not be located on the page using the given search parameters.\n    at AndroidUiautomator2Driver.findElOrEls (E:\\DM\\ShirleyPytest\\node_modules\\appium-uiautomator2-driver\\node_modules\\appium-android-driver\\lib\\commands\\find.js:75:11)\n    at processTicksAndRejections (node:internal/process/task_queues:95:5)\n    at AndroidUiautomator2Driver.findElOrElsWithProcessing (E:\\DM\\ShirleyPytest\\node_modules\\@appium\\base-driver\\lib\\basedriver\\commands\\find.ts:60:12)\n    at AndroidUiautomator2Driver.findElement (E:\\DM\\ShirleyPytest\\node_modules\\@appium\\base-driver\\lib\\basedriver\\commands\\find.ts:75:12)","statusTrace":"self = <scripts.test03_click_appicon.TestCarcenter object at 0x000001BA3086D3C0>\nargs = {'assertText1': '正在获取二维码', 'assertText2': '', 'screen': '点击微信', 'stepInfo': '正在点击微信图标', ...}\n\n    @allure.severity(allure.severity_level.BLOCKER)\n    @pytest.mark.parametrize(\"args\", analyze_data(\"desktop_page_data\", \"test_desktop_page\"))\n    def test_click_appicon(self,args):\n        # 解析数据\n        assertText1 = args[\"assertText1\"]\n        assertText2 = args[\"assertText2\"]\n        toastPass = args[\"toastPass\"]\n        toastFail = args[\"toastFail\"]\n        titleText = args[\"titleText\"]\n        screen = args[\"screen\"]\n        with allure.step(f'步骤1：{titleText}'):\n            self.base.screen(f'{screen}前')\n>           self.page.desktop.click_desktopAppicon(args)\n\nscripts\\test03_click_appicon.py:40: \n_ _ _ _ _ _ _ _ _ _ _ _ _ _ _ _ _ _ _ _ _ _ _ _ _ _ _ _ _ _ _ _ _ _ _ _ _ _ _ _ _ _ _ _ _ _ _ _ _ _ _ _ _ _ _ _ _ _ _ _\npage\\desktop_page.py:28: in click_desktopAppicon\n    self.click(desktopAppicon)\nbase\\base_action.py:44: in click\n    self.find_element(feature, timeout, poll).click()\nbase\\base_action.py:25: in find_element\n    return WebDriverWait(self.driver, timeout, poll).until(lambda x: x.find_element(*feature))\n_ _ _ _ _ _ _ _ _ _ _ _ _ _ _ _ _ _ _ _ _ _ _ _ _ _ _ _ _ _ _ _ _ _ _ _ _ _ _ _ _ _ _ _ _ _ _ _ _ _ _ _ _ _ _ _ _ _ _ _\n\nself = <selenium.webdriver.support.wait.WebDriverWait (session=\"38a8455e-85e6-4620-9a3f-608b2bdc72dd\")>\nmethod = <function BaseAction.find_element.<locals>.<lambda> at 0x000001BA30AF8700>, message = ''\n\n    def until(self, method, message: str = \"\"):\n        \"\"\"Calls the method provided with the driver as an argument until the \\\n        return value does not evaluate to ``False``.\n    \n        :param method: callable(WebDriver)\n        :param message: optional message for :exc:`TimeoutException`\n        :returns: the result of the last call to `method`\n        :raises: :exc:`selenium.common.exceptions.TimeoutException` if timeout occurs\n        \"\"\"\n        screen = None\n        stacktrace = None\n    \n        end_time = time.monotonic() + self._timeout\n        while True:\n            try:\n                value = method(self._driver)\n                if value:\n                    return value\n            except self._ignored_exceptions as exc:\n                screen = getattr(exc, \"screen\", None)\n                stacktrace = getattr(exc, \"stacktrace\", None)\n            time.sleep(self._poll)\n            if time.monotonic() > end_time:\n                break\n>       raise TimeoutException(message, screen, stacktrace)\nE       selenium.common.exceptions.TimeoutException: Message: \nE       Stacktrace:\nE       NoSuchElementError: An element could not be located on the page using the given search parameters.\nE           at AndroidUiautomator2Driver.findElOrEls (E:\\DM\\ShirleyPytest\\node_modules\\appium-uiautomator2-driver\\node_modules\\appium-android-driver\\lib\\commands\\find.js:75:11)\nE           at processTicksAndRejections (node:internal/process/task_queues:95:5)\nE           at AndroidUiautomator2Driver.findElOrElsWithProcessing (E:\\DM\\ShirleyPytest\\node_modules\\@appium\\base-driver\\lib\\basedriver\\commands\\find.ts:60:12)\nE           at AndroidUiautomator2Driver.findElement (E:\\DM\\ShirleyPytest\\node_modules\\@appium\\base-driver\\lib\\basedriver\\commands\\find.ts:75:12)\n\nD:\\software\\Python310\\lib\\site-packages\\selenium\\webdriver\\support\\wait.py:95: TimeoutException","steps":[{"name":"步骤1：桌面页 - 点击微信","time":{"start":1698054932354,"stop":1698054964128,"duration":31774},"status":"broken","statusMessage":"selenium.common.exceptions.TimeoutException: Message: \nStacktrace:\nNoSuchElementError: An element could not be located on the page using the given search parameters.\n    at AndroidUiautomator2Driver.findElOrEls (E:\\DM\\ShirleyPytest\\node_modules\\appium-uiautomator2-driver\\node_modules\\appium-android-driver\\lib\\commands\\find.js:75:11)\n    at processTicksAndRejections (node:internal/process/task_queues:95:5)\n    at AndroidUiautomator2Driver.findElOrElsWithProcessing (E:\\DM\\ShirleyPytest\\node_modules\\@appium\\base-driver\\lib\\basedriver\\commands\\find.ts:60:12)\n    at AndroidUiautomator2Driver.findElement (E:\\DM\\ShirleyPytest\\node_modules\\@appium\\base-driver\\lib\\basedriver\\commands\\find.ts:75:12)\n","statusTrace":"  File \"E:\\DM\\ShirleyPytest\\scripts\\test03_click_appicon.py\", line 40, in test_click_appicon\n    self.page.desktop.click_desktopAppicon(args)\n  File \"E:\\DM\\ShirleyPytest\\page\\desktop_page.py\", line 28, in click_desktopAppicon\n    self.click(desktopAppicon)\n  File \"E:\\DM\\ShirleyPytest\\base\\base_action.py\", line 44, in click\n    self.find_element(feature, timeout, poll).click()\n  File \"E:\\DM\\ShirleyPytest\\base\\base_action.py\", line 25, in find_element\n    return WebDriverWait(self.driver, timeout, poll).until(lambda x: x.find_element(*feature))\n  File \"D:\\software\\Python310\\lib\\site-packages\\selenium\\webdriver\\support\\wait.py\", line 95, in until\n    raise TimeoutException(message, screen, stacktrace)\n","steps":[{"name":"桌面页 - 点击微信","time":{"start":1698054933320,"stop":1698054964126,"duration":30806},"status":"broken","statusMessage":"selenium.common.exceptions.TimeoutException: Message: \nStacktrace:\nNoSuchElementError: An element could not be located on the page using the given search parameters.\n    at AndroidUiautomator2Driver.findElOrEls (E:\\DM\\ShirleyPytest\\node_modules\\appium-uiautomator2-driver\\node_modules\\appium-android-driver\\lib\\commands\\find.js:75:11)\n    at processTicksAndRejections (node:internal/process/task_queues:95:5)\n    at AndroidUiautomator2Driver.findElOrElsWithProcessing (E:\\DM\\ShirleyPytest\\node_modules\\@appium\\base-driver\\lib\\basedriver\\commands\\find.ts:60:12)\n    at AndroidUiautomator2Driver.findElement (E:\\DM\\ShirleyPytest\\node_modules\\@appium\\base-driver\\lib\\basedriver\\commands\\find.ts:75:12)\n","statusTrace":"  File \"E:\\DM\\ShirleyPytest\\page\\desktop_page.py\", line 28, in click_desktopAppicon\n    self.click(desktopAppicon)\n  File \"E:\\DM\\ShirleyPytest\\base\\base_action.py\", line 44, in click\n    self.find_element(feature, timeout, poll).click()\n  File \"E:\\DM\\ShirleyPytest\\base\\base_action.py\", line 25, in find_element\n    return WebDriverWait(self.driver, timeout, poll).until(lambda x: x.find_element(*feature))\n  File \"D:\\software\\Python310\\lib\\site-packages\\selenium\\webdriver\\support\\wait.py\", line 95, in until\n    raise TimeoutException(message, screen, stacktrace)\n","steps":[],"attachments":[],"parameters":[],"shouldDisplayMessage":true,"attachmentsCount":0,"stepsCount":0,"hasContent":true}],"attachments":[{"uid":"5f189aa6f0c4bbe3","name":"点击微信前","source":"5f189aa6f0c4bbe3.png","type":"image/png","size":936946}],"parameters":[],"shouldDisplayMessage":false,"attachmentsCount":1,"stepsCount":1,"hasContent":true}],"attachments":[{"uid":"19c19a5c02deb9c0","name":"log","source":"19c19a5c02deb9c0.txt","type":"text/plain","size":66}],"parameters":[],"shouldDisplayMessage":true,"attachmentsCount":2,"stepsCount":2,"hasContent":true},"afterStages":[{"name":"_xunit_setup_method_fixture_TestCarcenter::0","time":{"start":1698054964147,"stop":1698054969418,"duration":5271},"status":"passed","steps":[],"attachments":[],"parameters":[],"shouldDisplayMessage":false,"attachmentsCount":0,"stepsCount":0,"hasContent":false}],"labels":[{"name":"feature","value":"点击桌面上的图标"},{"name":"severity","value":"blocker"},{"name":"parentSuite","value":"scripts"},{"name":"suite","value":"test03_click_appicon"},{"name":"subSuite","value":"TestCarcenter"},{"name":"host","value":"H-K4E-234022"},{"name":"thread","value":"19344-MainThread"},{"name":"framework","value":"pytest"},{"name":"language","value":"cpython3"},{"name":"package","value":"scripts.test03_click_appicon"},{"name":"resultFormat","value":"allure2"}],"parameters":[{"name":"args","value":"{'xpath': \"//*[contains(@text,'微信')]\", 'titleText': '桌面页 - 点击微信', 'stepInfo': '正在点击微信图标', 'screen': '点击微信', 'assertText1': '正在获取二维码', 'assertText2': '', 'toastPass': 'Pass,已打开微信应用,更新状态断言成功', 'toastFail': 'Fail,没有打开微信应用,更新状态断言失败'}"}],"links":[],"hidden":true,"retry":true,"extra":{"categories":[],"tags":[]},"source":"8d33c6c251366fc8.json","parameterValues":["{'xpath': \"//*[contains(@text,'微信')]\", 'titleText': '桌面页 - 点击微信', 'stepInfo': '正在点击微信图标', 'screen': '点击微信', 'assertText1': '正在获取二维码', 'assertText2': '', 'toastPass': 'Pass,已打开微信应用,更新状态断言成功', 'toastFail': 'Fail,没有打开微信应用,更新状态断言失败'}"]}