{"uid":"d54ffa2dbead8a62","name":"test_click_appicon[args4]","fullName":"scripts.test03_click_appicon.TestCarcenter#test_click_appicon","historyId":"0962d5ad843695c63bc160971a6d31c2","time":{"start":1698053583499,"stop":1698053615072,"duration":31573},"status":"broken","statusMessage":"selenium.common.exceptions.TimeoutException: Message: \nStacktrace:\nNoSuchElementError: An element could not be located on the page using the given search parameters.\n    at AndroidUiautomator2Driver.findElOrEls (E:\\DM\\ShirleyPytest\\node_modules\\appium-uiautomator2-driver\\node_modules\\appium-android-driver\\lib\\commands\\find.js:75:11)\n    at processTicksAndRejections (node:internal/process/task_queues:95:5)\n    at AndroidUiautomator2Driver.findElOrElsWithProcessing (E:\\DM\\ShirleyPytest\\node_modules\\@appium\\base-driver\\lib\\basedriver\\commands\\find.ts:60:12)\n    at AndroidUiautomator2Driver.findElement (E:\\DM\\ShirleyPytest\\node_modules\\@appium\\base-driver\\lib\\basedriver\\commands\\find.ts:75:12)","statusTrace":"self = <scripts.test03_click_appicon.TestCarcenter object at 0x0000015B58991210>\nargs = {'assertText1': '推荐', 'assertText2': '始终允许', 'screen': '点击腾讯爱趣听', 'stepInfo': '正在点击腾讯爱趣听图标', ...}\n\n    @allure.severity(allure.severity_level.BLOCKER)\n    @pytest.mark.parametrize(\"args\", analyze_data(\"desktop_page_data\", \"test_desktop_page\"))\n    def test_click_appicon(self,args):\n        # 解析数据\n        assertText1 = args[\"assertText1\"]\n        assertText2 = args[\"assertText2\"]\n        toastPass = args[\"toastPass\"]\n        toastFail = args[\"toastFail\"]\n        titleText = args[\"titleText\"]\n        screen = args[\"screen\"]\n        with allure.step(f'步骤1：{titleText}'):\n            self.base.screen(f'{screen}前')\n>           self.page.desktop.click_desktopAppicon(args)\n\nscripts\\test03_click_appicon.py:40: \n_ _ _ _ _ _ _ _ _ _ _ _ _ _ _ _ _ _ _ _ _ _ _ _ _ _ _ _ _ _ _ _ _ _ _ _ _ _ _ _ _ _ _ _ _ _ _ _ _ _ _ _ _ _ _ _ _ _ _ _\npage\\desktop_page.py:28: in click_desktopAppicon\n    self.click(desktopAppicon)\nbase\\base_action.py:44: in click\n    self.find_element(feature, timeout, poll).click()\nbase\\base_action.py:25: in find_element\n    return WebDriverWait(self.driver, timeout, poll).until(lambda x: x.find_element(*feature))\n_ _ _ _ _ _ _ _ _ _ _ _ _ _ _ _ _ _ _ _ _ _ _ _ _ _ _ _ _ _ _ _ _ _ _ _ _ _ _ _ _ _ _ _ _ _ _ _ _ _ _ _ _ _ _ _ _ _ _ _\n\nself = <selenium.webdriver.support.wait.WebDriverWait (session=\"94ea6a3d-a3e3-4208-9314-c94c485fcf3e\")>\nmethod = <function BaseAction.find_element.<locals>.<lambda> at 0x0000015B58BA9E10>, message = ''\n\n    def until(self, method, message: str = \"\"):\n        \"\"\"Calls the method provided with the driver as an argument until the \\\n        return value does not evaluate to ``False``.\n    \n        :param method: callable(WebDriver)\n        :param message: optional message for :exc:`TimeoutException`\n        :returns: the result of the last call to `method`\n        :raises: :exc:`selenium.common.exceptions.TimeoutException` if timeout occurs\n        \"\"\"\n        screen = None\n        stacktrace = None\n    \n        end_time = time.monotonic() + self._timeout\n        while True:\n            try:\n                value = method(self._driver)\n                if value:\n                    return value\n            except self._ignored_exceptions as exc:\n                screen = getattr(exc, \"screen\", None)\n                stacktrace = getattr(exc, \"stacktrace\", None)\n            time.sleep(self._poll)\n            if time.monotonic() > end_time:\n                break\n>       raise TimeoutException(message, screen, stacktrace)\nE       selenium.common.exceptions.TimeoutException: Message: \nE       Stacktrace:\nE       NoSuchElementError: An element could not be located on the page using the given search parameters.\nE           at AndroidUiautomator2Driver.findElOrEls (E:\\DM\\ShirleyPytest\\node_modules\\appium-uiautomator2-driver\\node_modules\\appium-android-driver\\lib\\commands\\find.js:75:11)\nE           at processTicksAndRejections (node:internal/process/task_queues:95:5)\nE           at AndroidUiautomator2Driver.findElOrElsWithProcessing (E:\\DM\\ShirleyPytest\\node_modules\\@appium\\base-driver\\lib\\basedriver\\commands\\find.ts:60:12)\nE           at AndroidUiautomator2Driver.findElement (E:\\DM\\ShirleyPytest\\node_modules\\@appium\\base-driver\\lib\\basedriver\\commands\\find.ts:75:12)\n\nD:\\software\\Python310\\lib\\site-packages\\selenium\\webdriver\\support\\wait.py:95: TimeoutException","flaky":false,"newFailed":false,"newBroken":false,"newPassed":false,"retriesCount":0,"retriesStatusChange":false,"beforeStages":[{"name":"_xunit_setup_method_fixture_TestCarcenter","time":{"start":1698053570339,"stop":1698053583498,"duration":13159},"status":"passed","steps":[],"attachments":[],"parameters":[],"shouldDisplayMessage":false,"attachmentsCount":0,"stepsCount":0,"hasContent":false}],"testStage":{"status":"broken","statusMessage":"selenium.common.exceptions.TimeoutException: Message: \nStacktrace:\nNoSuchElementError: An element could not be located on the page using the given search parameters.\n    at AndroidUiautomator2Driver.findElOrEls (E:\\DM\\ShirleyPytest\\node_modules\\appium-uiautomator2-driver\\node_modules\\appium-android-driver\\lib\\commands\\find.js:75:11)\n    at processTicksAndRejections (node:internal/process/task_queues:95:5)\n    at AndroidUiautomator2Driver.findElOrElsWithProcessing (E:\\DM\\ShirleyPytest\\node_modules\\@appium\\base-driver\\lib\\basedriver\\commands\\find.ts:60:12)\n    at AndroidUiautomator2Driver.findElement (E:\\DM\\ShirleyPytest\\node_modules\\@appium\\base-driver\\lib\\basedriver\\commands\\find.ts:75:12)","statusTrace":"self = <scripts.test03_click_appicon.TestCarcenter object at 0x0000015B58991210>\nargs = {'assertText1': '推荐', 'assertText2': '始终允许', 'screen': '点击腾讯爱趣听', 'stepInfo': '正在点击腾讯爱趣听图标', ...}\n\n    @allure.severity(allure.severity_level.BLOCKER)\n    @pytest.mark.parametrize(\"args\", analyze_data(\"desktop_page_data\", \"test_desktop_page\"))\n    def test_click_appicon(self,args):\n        # 解析数据\n        assertText1 = args[\"assertText1\"]\n        assertText2 = args[\"assertText2\"]\n        toastPass = args[\"toastPass\"]\n        toastFail = args[\"toastFail\"]\n        titleText = args[\"titleText\"]\n        screen = args[\"screen\"]\n        with allure.step(f'步骤1：{titleText}'):\n            self.base.screen(f'{screen}前')\n>           self.page.desktop.click_desktopAppicon(args)\n\nscripts\\test03_click_appicon.py:40: \n_ _ _ _ _ _ _ _ _ _ _ _ _ _ _ _ _ _ _ _ _ _ _ _ _ _ _ _ _ _ _ _ _ _ _ _ _ _ _ _ _ _ _ _ _ _ _ _ _ _ _ _ _ _ _ _ _ _ _ _\npage\\desktop_page.py:28: in click_desktopAppicon\n    self.click(desktopAppicon)\nbase\\base_action.py:44: in click\n    self.find_element(feature, timeout, poll).click()\nbase\\base_action.py:25: in find_element\n    return WebDriverWait(self.driver, timeout, poll).until(lambda x: x.find_element(*feature))\n_ _ _ _ _ _ _ _ _ _ _ _ _ _ _ _ _ _ _ _ _ _ _ _ _ _ _ _ _ _ _ _ _ _ _ _ _ _ _ _ _ _ _ _ _ _ _ _ _ _ _ _ _ _ _ _ _ _ _ _\n\nself = <selenium.webdriver.support.wait.WebDriverWait (session=\"94ea6a3d-a3e3-4208-9314-c94c485fcf3e\")>\nmethod = <function BaseAction.find_element.<locals>.<lambda> at 0x0000015B58BA9E10>, message = ''\n\n    def until(self, method, message: str = \"\"):\n        \"\"\"Calls the method provided with the driver as an argument until the \\\n        return value does not evaluate to ``False``.\n    \n        :param method: callable(WebDriver)\n        :param message: optional message for :exc:`TimeoutException`\n        :returns: the result of the last call to `method`\n        :raises: :exc:`selenium.common.exceptions.TimeoutException` if timeout occurs\n        \"\"\"\n        screen = None\n        stacktrace = None\n    \n        end_time = time.monotonic() + self._timeout\n        while True:\n            try:\n                value = method(self._driver)\n                if value:\n                    return value\n            except self._ignored_exceptions as exc:\n                screen = getattr(exc, \"screen\", None)\n                stacktrace = getattr(exc, \"stacktrace\", None)\n            time.sleep(self._poll)\n            if time.monotonic() > end_time:\n                break\n>       raise TimeoutException(message, screen, stacktrace)\nE       selenium.common.exceptions.TimeoutException: Message: \nE       Stacktrace:\nE       NoSuchElementError: An element could not be located on the page using the given search parameters.\nE           at AndroidUiautomator2Driver.findElOrEls (E:\\DM\\ShirleyPytest\\node_modules\\appium-uiautomator2-driver\\node_modules\\appium-android-driver\\lib\\commands\\find.js:75:11)\nE           at processTicksAndRejections (node:internal/process/task_queues:95:5)\nE           at AndroidUiautomator2Driver.findElOrElsWithProcessing (E:\\DM\\ShirleyPytest\\node_modules\\@appium\\base-driver\\lib\\basedriver\\commands\\find.ts:60:12)\nE           at AndroidUiautomator2Driver.findElement (E:\\DM\\ShirleyPytest\\node_modules\\@appium\\base-driver\\lib\\basedriver\\commands\\find.ts:75:12)\n\nD:\\software\\Python310\\lib\\site-packages\\selenium\\webdriver\\support\\wait.py:95: TimeoutException","steps":[{"name":"步骤1：桌面页 - 点击腾讯爱趣听","time":{"start":1698053583499,"stop":1698053615071,"duration":31572},"status":"broken","statusMessage":"selenium.common.exceptions.TimeoutException: Message: \nStacktrace:\nNoSuchElementError: An element could not be located on the page using the given search parameters.\n    at AndroidUiautomator2Driver.findElOrEls (E:\\DM\\ShirleyPytest\\node_modules\\appium-uiautomator2-driver\\node_modules\\appium-android-driver\\lib\\commands\\find.js:75:11)\n    at processTicksAndRejections (node:internal/process/task_queues:95:5)\n    at AndroidUiautomator2Driver.findElOrElsWithProcessing (E:\\DM\\ShirleyPytest\\node_modules\\@appium\\base-driver\\lib\\basedriver\\commands\\find.ts:60:12)\n    at AndroidUiautomator2Driver.findElement (E:\\DM\\ShirleyPytest\\node_modules\\@appium\\base-driver\\lib\\basedriver\\commands\\find.ts:75:12)\n","statusTrace":"  File \"E:\\DM\\ShirleyPytest\\scripts\\test03_click_appicon.py\", line 40, in test_click_appicon\n    self.page.desktop.click_desktopAppicon(args)\n  File \"E:\\DM\\ShirleyPytest\\page\\desktop_page.py\", line 28, in click_desktopAppicon\n    self.click(desktopAppicon)\n  File \"E:\\DM\\ShirleyPytest\\base\\base_action.py\", line 44, in click\n    self.find_element(feature, timeout, poll).click()\n  File \"E:\\DM\\ShirleyPytest\\base\\base_action.py\", line 25, in find_element\n    return WebDriverWait(self.driver, timeout, poll).until(lambda x: x.find_element(*feature))\n  File \"D:\\software\\Python310\\lib\\site-packages\\selenium\\webdriver\\support\\wait.py\", line 95, in until\n    raise TimeoutException(message, screen, stacktrace)\n","steps":[{"name":"桌面页 - 点击腾讯爱趣听","time":{"start":1698053584091,"stop":1698053615069,"duration":30978},"status":"broken","statusMessage":"selenium.common.exceptions.TimeoutException: Message: \nStacktrace:\nNoSuchElementError: An element could not be located on the page using the given search parameters.\n    at AndroidUiautomator2Driver.findElOrEls (E:\\DM\\ShirleyPytest\\node_modules\\appium-uiautomator2-driver\\node_modules\\appium-android-driver\\lib\\commands\\find.js:75:11)\n    at processTicksAndRejections (node:internal/process/task_queues:95:5)\n    at AndroidUiautomator2Driver.findElOrElsWithProcessing (E:\\DM\\ShirleyPytest\\node_modules\\@appium\\base-driver\\lib\\basedriver\\commands\\find.ts:60:12)\n    at AndroidUiautomator2Driver.findElement (E:\\DM\\ShirleyPytest\\node_modules\\@appium\\base-driver\\lib\\basedriver\\commands\\find.ts:75:12)\n","statusTrace":"  File \"E:\\DM\\ShirleyPytest\\page\\desktop_page.py\", line 28, in click_desktopAppicon\n    self.click(desktopAppicon)\n  File \"E:\\DM\\ShirleyPytest\\base\\base_action.py\", line 44, in click\n    self.find_element(feature, timeout, poll).click()\n  File \"E:\\DM\\ShirleyPytest\\base\\base_action.py\", line 25, in find_element\n    return WebDriverWait(self.driver, timeout, poll).until(lambda x: x.find_element(*feature))\n  File \"D:\\software\\Python310\\lib\\site-packages\\selenium\\webdriver\\support\\wait.py\", line 95, in until\n    raise TimeoutException(message, screen, stacktrace)\n","steps":[],"attachments":[],"parameters":[],"shouldDisplayMessage":true,"attachmentsCount":0,"stepsCount":0,"hasContent":true}],"attachments":[{"uid":"b6545a087bc62498","name":"点击腾讯爱趣听前","source":"b6545a087bc62498.png","type":"image/png","size":258880}],"parameters":[],"shouldDisplayMessage":false,"attachmentsCount":1,"stepsCount":1,"hasContent":true}],"attachments":[{"uid":"b4e09114e894cfb","name":"log","source":"b4e09114e894cfb.txt","type":"text/plain","size":341}],"parameters":[],"shouldDisplayMessage":true,"attachmentsCount":2,"stepsCount":2,"hasContent":true},"afterStages":[{"name":"_xunit_setup_method_fixture_TestCarcenter::0","time":{"start":1698053615180,"stop":1698053620756,"duration":5576},"status":"passed","steps":[],"attachments":[],"parameters":[],"shouldDisplayMessage":false,"attachmentsCount":0,"stepsCount":0,"hasContent":false}],"labels":[{"name":"feature","value":"点击桌面上的图标"},{"name":"severity","value":"blocker"},{"name":"parentSuite","value":"scripts"},{"name":"suite","value":"test03_click_appicon"},{"name":"subSuite","value":"TestCarcenter"},{"name":"host","value":"H-K4E-234022"},{"name":"thread","value":"272-MainThread"},{"name":"framework","value":"pytest"},{"name":"language","value":"cpython3"},{"name":"package","value":"scripts.test03_click_appicon"},{"name":"resultFormat","value":"allure2"}],"parameters":[{"name":"args","value":"{'xpath': \"//*[contains(@text,'腾讯爱趣听')]\", 'titleText': '桌面页 - 点击腾讯爱趣听', 'stepInfo': '正在点击腾讯爱趣听图标', 'screen': '点击腾讯爱趣听', 'assertText1': '推荐', 'assertText2': '始终允许', 'toastPass': 'Pass,已打开腾讯爱趣听应用,更新状态断言成功', 'toastFail': 'Fail,没有打开腾讯爱趣听应用,更新状态断言失败'}"}],"links":[],"hidden":true,"retry":true,"extra":{"categories":[],"tags":[]},"source":"d54ffa2dbead8a62.json","parameterValues":["{'xpath': \"//*[contains(@text,'腾讯爱趣听')]\", 'titleText': '桌面页 - 点击腾讯爱趣听', 'stepInfo': '正在点击腾讯爱趣听图标', 'screen': '点击腾讯爱趣听', 'assertText1': '推荐', 'assertText2': '始终允许', 'toastPass': 'Pass,已打开腾讯爱趣听应用,更新状态断言成功', 'toastFail': 'Fail,没有打开腾讯爱趣听应用,更新状态断言失败'}"]}