{"uid":"ecae1fa7398ae9f2","name":"test_click_appicon[args19]","fullName":"scripts.test03_click_appicon.TestCarcenter#test_click_appicon","historyId":"61ddf3e8ea37fc42d787c2a27aebfbe9","time":{"start":1699858199326,"stop":1699858206220,"duration":6894},"status":"passed","flaky":false,"newFailed":false,"newBroken":false,"newPassed":false,"retriesCount":6,"retriesStatusChange":true,"beforeStages":[{"name":"_xunit_setup_method_fixture_TestCarcenter","time":{"start":1699858188180,"stop":1699858199324,"duration":11144},"status":"passed","steps":[],"attachments":[],"parameters":[],"shouldDisplayMessage":false,"attachmentsCount":0,"hasContent":false,"stepsCount":0}],"testStage":{"status":"passed","steps":[{"name":"步骤1：桌面页 - 点击日程","time":{"start":1699858199326,"stop":1699858201749,"duration":2423},"status":"passed","steps":[],"attachments":[{"uid":"c36dfbe8a045f1d0","name":"点击日程前","source":"c36dfbe8a045f1d0.png","type":"image/png","size":1062602}],"parameters":[],"shouldDisplayMessage":false,"attachmentsCount":1,"hasContent":true,"stepsCount":0},{"name":"步骤2：点击后","time":{"start":1699858201749,"stop":1699858206219,"duration":4470},"status":"passed","steps":[],"attachments":[{"uid":"b693fe23ad988533","name":"点击日程后","source":"b693fe23ad988533.png","type":"image/png","size":313902}],"parameters":[],"shouldDisplayMessage":false,"attachmentsCount":1,"hasContent":true,"stepsCount":0}],"attachments":[{"uid":"e4bcb435b05cbaff","name":"log","source":"e4bcb435b05cbaff.txt","type":"text/plain","size":168}],"parameters":[],"shouldDisplayMessage":false,"attachmentsCount":3,"hasContent":true,"stepsCount":2},"afterStages":[{"name":"_xunit_setup_method_fixture_TestCarcenter::0","time":{"start":1699858206222,"stop":1699858211531,"duration":5309},"status":"passed","steps":[],"attachments":[],"parameters":[],"shouldDisplayMessage":false,"attachmentsCount":0,"hasContent":false,"stepsCount":0}],"labels":[{"name":"feature","value":"点击桌面上的图标"},{"name":"severity","value":"blocker"},{"name":"parentSuite","value":"scripts"},{"name":"suite","value":"test03_click_appicon"},{"name":"subSuite","value":"TestCarcenter"},{"name":"host","value":"H-K4E-234022"},{"name":"thread","value":"23308-MainThread"},{"name":"framework","value":"pytest"},{"name":"language","value":"cpython3"},{"name":"package","value":"scripts.test03_click_appicon"},{"name":"resultFormat","value":"allure2"}],"parameters":[{"name":"args","value":"{'xpath': \"//*[contains(@text,'日程')]\", 'titleText': '桌面页 - 点击日程', 'stepInfo': '正在点击日程图标', 'screen': '点击日程', 'assertText1': '今天', 'assertText2': '月', 'toastPass': 'Pass,已打开日程应用,更新状态断言成功', 'toastFail': 'Fail,没有打开日程应用,更新状态断言失败'}"}],"links":[],"hidden":false,"retry":false,"extra":{"severity":"blocker","retries":[{"uid":"8dc0b214a68ac027","status":"broken","statusDetails":"selenium.common.exceptions.WebDriverException: Message: An unknown server-side error occurred while processing the command. Original error: Could not find a connected Android device in 20000ms\nStacktrace:\nUnknownError: An unknown server-side error occurred while processing the command. Original error: Could not find a connected Android device in 20000ms\n    at getResponseForW3CError (D:\\software\\nodejs\\node_global\\node_modules\\appium\\node_modules\\@appium\\base-driver\\lib\\protocol\\errors.js:1092:9)\n    at asyncHandler (D:\\software\\nodejs\\node_global\\node_modules\\appium\\node_modules\\@appium\\base-driver\\lib\\protocol\\protocol.js:491:57)","time":{"start":1699843226773,"stop":1699843226773,"duration":0}},{"uid":"1ba4dbc852e0cfe7","status":"broken","statusDetails":"selenium.common.exceptions.WebDriverException: Message: An unknown server-side error occurred while processing the command. Original error: Could not find a connected Android device in 20000ms\nStacktrace:\nUnknownError: An unknown server-side error occurred while processing the command. Original error: Could not find a connected Android device in 20000ms\n    at getResponseForW3CError (D:\\software\\nodejs\\node_global\\node_modules\\appium\\node_modules\\@appium\\base-driver\\lib\\protocol\\errors.js:1092:9)\n    at asyncHandler (D:\\software\\nodejs\\node_global\\node_modules\\appium\\node_modules\\@appium\\base-driver\\lib\\protocol\\protocol.js:491:57)","time":{"start":1699843206307,"stop":1699843206307,"duration":0}},{"uid":"fa9b3a806996be80","status":"broken","statusDetails":"selenium.common.exceptions.WebDriverException: Message: An unknown server-side error occurred while processing the command. Original error: Could not find a connected Android device in 20000ms\nStacktrace:\nUnknownError: An unknown server-side error occurred while processing the command. Original error: Could not find a connected Android device in 20000ms\n    at getResponseForW3CError (D:\\software\\nodejs\\node_global\\node_modules\\appium\\node_modules\\@appium\\base-driver\\lib\\protocol\\errors.js:1092:9)\n    at asyncHandler (D:\\software\\nodejs\\node_global\\node_modules\\appium\\node_modules\\@appium\\base-driver\\lib\\protocol\\protocol.js:491:57)","time":{"start":1699843186026,"stop":1699843186026,"duration":0}},{"uid":"3e2a275852fe4d2a","status":"passed","time":{"start":1698055860142,"stop":1698055879156,"duration":19014}},{"uid":"78f35c025472f5be","status":"broken","statusDetails":"selenium.common.exceptions.TimeoutException: Message: \nStacktrace:\nNoSuchElementError: An element could not be located on the page using the given search parameters.\n    at AndroidUiautomator2Driver.findElOrEls (E:\\DM\\ShirleyPytest\\node_modules\\appium-uiautomator2-driver\\node_modules\\appium-android-driver\\lib\\commands\\find.js:75:11)\n    at processTicksAndRejections (node:internal/process/task_queues:95:5)\n    at AndroidUiautomator2Driver.findElOrElsWithProcessing (E:\\DM\\ShirleyPytest\\node_modules\\@appium\\base-driver\\lib\\basedriver\\commands\\find.ts:60:12)\n    at AndroidUiautomator2Driver.findElement (E:\\DM\\ShirleyPytest\\node_modules\\@appium\\base-driver\\lib\\basedriver\\commands\\find.ts:75:12)","time":{"start":1698055813031,"stop":1698055844742,"duration":31711}},{"uid":"8b8b450c9e4b0cb3","status":"broken","statusDetails":"selenium.common.exceptions.TimeoutException: Message: \nStacktrace:\nNoSuchElementError: An element could not be located on the page using the given search parameters.\n    at AndroidUiautomator2Driver.findElOrEls (E:\\DM\\ShirleyPytest\\node_modules\\appium-uiautomator2-driver\\node_modules\\appium-android-driver\\lib\\commands\\find.js:75:11)\n    at processTicksAndRejections (node:internal/process/task_queues:95:5)\n    at AndroidUiautomator2Driver.findElOrElsWithProcessing (E:\\DM\\ShirleyPytest\\node_modules\\@appium\\base-driver\\lib\\basedriver\\commands\\find.ts:60:12)\n    at AndroidUiautomator2Driver.findElement (E:\\DM\\ShirleyPytest\\node_modules\\@appium\\base-driver\\lib\\basedriver\\commands\\find.ts:75:12)","time":{"start":1698055765818,"stop":1698055797563,"duration":31745}}],"categories":[],"tags":[]},"source":"ecae1fa7398ae9f2.json","parameterValues":["{'xpath': \"//*[contains(@text,'日程')]\", 'titleText': '桌面页 - 点击日程', 'stepInfo': '正在点击日程图标', 'screen': '点击日程', 'assertText1': '今天', 'assertText2': '月', 'toastPass': 'Pass,已打开日程应用,更新状态断言成功', 'toastFail': 'Fail,没有打开日程应用,更新状态断言失败'}"]}