{"uid":"f213eb46dd0f0284","name":"test_open_carcenter","fullName":"scripts.test01_carcenter.TestCarcenter#test_open_carcenter","historyId":"6e732a96989136ed4f9473cec8c0b131","time":{"start":1699841940583,"stop":1699841940833,"duration":250},"status":"broken","statusMessage":"selenium.common.exceptions.WebDriverException: Message: An unknown server-side error occurred while processing the command. Original error: 'POST /element' cannot be proxied to UiAutomator2 server because the instrumentation process is not running (probably crashed). Check the server log and/or the logcat output for more details\nStacktrace:\nUnknownError: An unknown server-side error occurred while processing the command. Original error: 'POST /element' cannot be proxied to UiAutomator2 server because the instrumentation process is not running (probably crashed). Check the server log and/or the logcat output for more details\n    at UIA2Proxy.command (E:\\DM\\ShirleyPytest\\node_modules\\@appium\\base-driver\\lib\\jsonwp-proxy\\proxy.js:355:13)\n    at processTicksAndRejections (node:internal/process/task_queues:95:5)\n    at AndroidUiautomator2Driver.helpers.doFindElementOrEls (E:\\DM\\ShirleyPytest\\node_modules\\appium-uiautomator2-driver\\lib\\commands\\find.js:30:10)\n    at doFind (E:\\DM\\ShirleyPytest\\node_modules\\appium-uiautomator2-driver\\node_modules\\appium-android-driver\\lib\\commands\\find.js:36:17)\n    at wrappedCondFn (E:\\DM\\ShirleyPytest\\node_modules\\@appium\\base-driver\\lib\\basedriver\\commands\\timeout.ts:137:14)\n    at spin (E:\\DM\\ShirleyPytest\\node_modules\\asyncbox\\lib\\asyncbox.js:221:20)\n    at waitForCondition (E:\\DM\\ShirleyPytest\\node_modules\\asyncbox\\lib\\asyncbox.js:238:10)\n    at AndroidUiautomator2Driver.implicitWaitForCondition (E:\\DM\\ShirleyPytest\\node_modules\\@appium\\base-driver\\lib\\basedriver\\commands\\timeout.ts:139:12)\n    at AndroidUiautomator2Driver.findElOrEls (E:\\DM\\ShirleyPytest\\node_modules\\appium-uiautomator2-driver\\node_modules\\appium-android-driver\\lib\\commands\\find.js:60:5)\n    at AndroidUiautomator2Driver.findElOrElsWithProcessing (E:\\DM\\ShirleyPytest\\node_modules\\@appium\\base-driver\\lib\\basedriver\\commands\\find.ts:60:12)\n    at AndroidUiautomator2Driver.findElement (E:\\DM\\ShirleyPytest\\node_modules\\@appium\\base-driver\\lib\\basedriver\\commands\\find.ts:75:12)","statusTrace":"self = <scripts.test01_carcenter.TestCarcenter object at 0x0000016F19BBB670>\n\n    @allure.severity(allure.severity_level.BLOCKER)\n    # @pytest.mark.parametrize(\"args\", analyze_data(\"carcenter_page_data\", \"test_carcenter_page\"))\n    # def test_open_carcenter(self,args):\n    def test_open_carcenter(self):\n        # 首次向右滑动一屏，非首次不动\n        # self.page.carcenter.swipe_to_right()\n        # 解析数据\n        # xpath = args[\"xpath\"]\n        # title = args[\"title\"]\n        # stepInfo = args[\"stepInfo\"]\n        # screen = args[\"screen\"]\n        # assertText = args[\"assertText\"]\n        # toast = args[\"toast\"]\n        # log.info(\"当前xpath为:%s,title为:%s,stepInfo为:%s,screen:%s,assertText:%s,toast:%s\" % (xpath, title, stepInfo,screen,assertText,toast))\n        # # home - 点击 设置\n>       self.page.carcenter.click_carcenter()\n\nscripts\\test01_carcenter.py:50: \n_ _ _ _ _ _ _ _ _ _ _ _ _ _ _ _ _ _ _ _ _ _ _ _ _ _ _ _ _ _ _ _ _ _ _ _ _ _ _ _ _ _ _ _ _ _ _ _ _ _ _ _ _ _ _ _ _ _ _ _\npage\\carcenter_page.py:47: in click_carcenter\n    self.click(self.carcenter)\nbase\\base_action.py:44: in click\n    self.find_element(feature, timeout, poll).click()\nbase\\base_action.py:25: in find_element\n    return WebDriverWait(self.driver, timeout, poll).until(lambda x: x.find_element(*feature))\nD:\\software\\Python310\\lib\\site-packages\\selenium\\webdriver\\support\\wait.py:86: in until\n    value = method(self._driver)\nbase\\base_action.py:25: in <lambda>\n    return WebDriverWait(self.driver, timeout, poll).until(lambda x: x.find_element(*feature))\nD:\\software\\Python310\\lib\\site-packages\\appium\\webdriver\\webdriver.py:409: in find_element\n    return self.execute(RemoteCommand.FIND_ELEMENT, {'using': by, 'value': value})['value']\nD:\\software\\Python310\\lib\\site-packages\\selenium\\webdriver\\remote\\webdriver.py:344: in execute\n    self.error_handler.check_response(response)\n_ _ _ _ _ _ _ _ _ _ _ _ _ _ _ _ _ _ _ _ _ _ _ _ _ _ _ _ _ _ _ _ _ _ _ _ _ _ _ _ _ _ _ _ _ _ _ _ _ _ _ _ _ _ _ _ _ _ _ _\n\nself = <appium.webdriver.errorhandler.MobileErrorHandler object at 0x0000016F19C22BC0>\nresponse = {'status': 500, 'value': '{\"value\":{\"error\":\"unknown error\",\"message\":\"An unknown server-side error occurred while pro...\\\\DM\\\\\\\\ShirleyPytest\\\\\\\\node_modules\\\\\\\\@appium\\\\\\\\base-driver\\\\\\\\lib\\\\\\\\basedriver\\\\\\\\commands\\\\\\\\find.ts:75:12)\"}}'}\n\n    def check_response(self, response: Dict[str, Any]) -> None:\n        \"\"\"\n        https://www.w3.org/TR/webdriver/#errors\n        \"\"\"\n        payload = response.get('value', '')\n        try:\n            payload_dict = json.loads(payload)\n        except (json.JSONDecodeError, TypeError):\n            return\n        if not isinstance(payload_dict, dict):\n            return\n        value = payload_dict.get('value')\n        if not isinstance(value, dict):\n            return\n        error = value.get('error')\n        if not error:\n            return\n    \n        message = value.get('message', error)\n        stacktrace = value.get('stacktrace', '')\n        # In theory, we should also be checking HTTP status codes.\n        # Java client, for example, prints a warning if the actual `error`\n        # value does not match to the response's HTTP status code.\n        exception_class: Type[sel_exceptions.WebDriverException] = ERROR_TO_EXC_MAPPING.get(\n            error, sel_exceptions.WebDriverException\n        )\n        if exception_class is sel_exceptions.WebDriverException and message:\n            if message == 'No such context found.':\n                exception_class = appium_exceptions.NoSuchContextException\n            elif message == 'That command could not be executed in the current context.':\n                exception_class = appium_exceptions.InvalidSwitchToTargetException\n    \n        if exception_class is sel_exceptions.UnexpectedAlertPresentException:\n            raise sel_exceptions.UnexpectedAlertPresentException(\n                msg=message,\n                stacktrace=format_stacktrace(stacktrace),\n                alert_text=value.get('data'),\n            )\n>       raise exception_class(msg=message, stacktrace=format_stacktrace(stacktrace))\nE       selenium.common.exceptions.WebDriverException: Message: An unknown server-side error occurred while processing the command. Original error: 'POST /element' cannot be proxied to UiAutomator2 server because the instrumentation process is not running (probably crashed). Check the server log and/or the logcat output for more details\nE       Stacktrace:\nE       UnknownError: An unknown server-side error occurred while processing the command. Original error: 'POST /element' cannot be proxied to UiAutomator2 server because the instrumentation process is not running (probably crashed). Check the server log and/or the logcat output for more details\nE           at UIA2Proxy.command (E:\\DM\\ShirleyPytest\\node_modules\\@appium\\base-driver\\lib\\jsonwp-proxy\\proxy.js:355:13)\nE           at processTicksAndRejections (node:internal/process/task_queues:95:5)\nE           at AndroidUiautomator2Driver.helpers.doFindElementOrEls (E:\\DM\\ShirleyPytest\\node_modules\\appium-uiautomator2-driver\\lib\\commands\\find.js:30:10)\nE           at doFind (E:\\DM\\ShirleyPytest\\node_modules\\appium-uiautomator2-driver\\node_modules\\appium-android-driver\\lib\\commands\\find.js:36:17)\nE           at wrappedCondFn (E:\\DM\\ShirleyPytest\\node_modules\\@appium\\base-driver\\lib\\basedriver\\commands\\timeout.ts:137:14)\nE           at spin (E:\\DM\\ShirleyPytest\\node_modules\\asyncbox\\lib\\asyncbox.js:221:20)\nE           at waitForCondition (E:\\DM\\ShirleyPytest\\node_modules\\asyncbox\\lib\\asyncbox.js:238:10)\nE           at AndroidUiautomator2Driver.implicitWaitForCondition (E:\\DM\\ShirleyPytest\\node_modules\\@appium\\base-driver\\lib\\basedriver\\commands\\timeout.ts:139:12)\nE           at AndroidUiautomator2Driver.findElOrEls (E:\\DM\\ShirleyPytest\\node_modules\\appium-uiautomator2-driver\\node_modules\\appium-android-driver\\lib\\commands\\find.js:60:5)\nE           at AndroidUiautomator2Driver.findElOrElsWithProcessing (E:\\DM\\ShirleyPytest\\node_modules\\@appium\\base-driver\\lib\\basedriver\\commands\\find.ts:60:12)\nE           at AndroidUiautomator2Driver.findElement (E:\\DM\\ShirleyPytest\\node_modules\\@appium\\base-driver\\lib\\basedriver\\commands\\find.ts:75:12)\n\nD:\\software\\Python310\\lib\\site-packages\\appium\\webdriver\\errorhandler.py:122: WebDriverException","flaky":false,"newFailed":false,"newBroken":false,"newPassed":false,"retriesCount":0,"retriesStatusChange":false,"beforeStages":[{"name":"_xunit_setup_method_fixture_TestCarcenter","time":{"start":1699841906224,"stop":1699841940582,"duration":34358},"status":"passed","steps":[],"attachments":[],"parameters":[],"shouldDisplayMessage":false,"attachmentsCount":0,"hasContent":false,"stepsCount":0}],"testStage":{"status":"broken","statusMessage":"selenium.common.exceptions.WebDriverException: Message: An unknown server-side error occurred while processing the command. Original error: 'POST /element' cannot be proxied to UiAutomator2 server because the instrumentation process is not running (probably crashed). Check the server log and/or the logcat output for more details\nStacktrace:\nUnknownError: An unknown server-side error occurred while processing the command. Original error: 'POST /element' cannot be proxied to UiAutomator2 server because the instrumentation process is not running (probably crashed). Check the server log and/or the logcat output for more details\n    at UIA2Proxy.command (E:\\DM\\ShirleyPytest\\node_modules\\@appium\\base-driver\\lib\\jsonwp-proxy\\proxy.js:355:13)\n    at processTicksAndRejections (node:internal/process/task_queues:95:5)\n    at AndroidUiautomator2Driver.helpers.doFindElementOrEls (E:\\DM\\ShirleyPytest\\node_modules\\appium-uiautomator2-driver\\lib\\commands\\find.js:30:10)\n    at doFind (E:\\DM\\ShirleyPytest\\node_modules\\appium-uiautomator2-driver\\node_modules\\appium-android-driver\\lib\\commands\\find.js:36:17)\n    at wrappedCondFn (E:\\DM\\ShirleyPytest\\node_modules\\@appium\\base-driver\\lib\\basedriver\\commands\\timeout.ts:137:14)\n    at spin (E:\\DM\\ShirleyPytest\\node_modules\\asyncbox\\lib\\asyncbox.js:221:20)\n    at waitForCondition (E:\\DM\\ShirleyPytest\\node_modules\\asyncbox\\lib\\asyncbox.js:238:10)\n    at AndroidUiautomator2Driver.implicitWaitForCondition (E:\\DM\\ShirleyPytest\\node_modules\\@appium\\base-driver\\lib\\basedriver\\commands\\timeout.ts:139:12)\n    at AndroidUiautomator2Driver.findElOrEls (E:\\DM\\ShirleyPytest\\node_modules\\appium-uiautomator2-driver\\node_modules\\appium-android-driver\\lib\\commands\\find.js:60:5)\n    at AndroidUiautomator2Driver.findElOrElsWithProcessing (E:\\DM\\ShirleyPytest\\node_modules\\@appium\\base-driver\\lib\\basedriver\\commands\\find.ts:60:12)\n    at AndroidUiautomator2Driver.findElement (E:\\DM\\ShirleyPytest\\node_modules\\@appium\\base-driver\\lib\\basedriver\\commands\\find.ts:75:12)","statusTrace":"self = <scripts.test01_carcenter.TestCarcenter object at 0x0000016F19BBB670>\n\n    @allure.severity(allure.severity_level.BLOCKER)\n    # @pytest.mark.parametrize(\"args\", analyze_data(\"carcenter_page_data\", \"test_carcenter_page\"))\n    # def test_open_carcenter(self,args):\n    def test_open_carcenter(self):\n        # 首次向右滑动一屏，非首次不动\n        # self.page.carcenter.swipe_to_right()\n        # 解析数据\n        # xpath = args[\"xpath\"]\n        # title = args[\"title\"]\n        # stepInfo = args[\"stepInfo\"]\n        # screen = args[\"screen\"]\n        # assertText = args[\"assertText\"]\n        # toast = args[\"toast\"]\n        # log.info(\"当前xpath为:%s,title为:%s,stepInfo为:%s,screen:%s,assertText:%s,toast:%s\" % (xpath, title, stepInfo,screen,assertText,toast))\n        # # home - 点击 设置\n>       self.page.carcenter.click_carcenter()\n\nscripts\\test01_carcenter.py:50: \n_ _ _ _ _ _ _ _ _ _ _ _ _ _ _ _ _ _ _ _ _ _ _ _ _ _ _ _ _ _ _ _ _ _ _ _ _ _ _ _ _ _ _ _ _ _ _ _ _ _ _ _ _ _ _ _ _ _ _ _\npage\\carcenter_page.py:47: in click_carcenter\n    self.click(self.carcenter)\nbase\\base_action.py:44: in click\n    self.find_element(feature, timeout, poll).click()\nbase\\base_action.py:25: in find_element\n    return WebDriverWait(self.driver, timeout, poll).until(lambda x: x.find_element(*feature))\nD:\\software\\Python310\\lib\\site-packages\\selenium\\webdriver\\support\\wait.py:86: in until\n    value = method(self._driver)\nbase\\base_action.py:25: in <lambda>\n    return WebDriverWait(self.driver, timeout, poll).until(lambda x: x.find_element(*feature))\nD:\\software\\Python310\\lib\\site-packages\\appium\\webdriver\\webdriver.py:409: in find_element\n    return self.execute(RemoteCommand.FIND_ELEMENT, {'using': by, 'value': value})['value']\nD:\\software\\Python310\\lib\\site-packages\\selenium\\webdriver\\remote\\webdriver.py:344: in execute\n    self.error_handler.check_response(response)\n_ _ _ _ _ _ _ _ _ _ _ _ _ _ _ _ _ _ _ _ _ _ _ _ _ _ _ _ _ _ _ _ _ _ _ _ _ _ _ _ _ _ _ _ _ _ _ _ _ _ _ _ _ _ _ _ _ _ _ _\n\nself = <appium.webdriver.errorhandler.MobileErrorHandler object at 0x0000016F19C22BC0>\nresponse = {'status': 500, 'value': '{\"value\":{\"error\":\"unknown error\",\"message\":\"An unknown server-side error occurred while pro...\\\\DM\\\\\\\\ShirleyPytest\\\\\\\\node_modules\\\\\\\\@appium\\\\\\\\base-driver\\\\\\\\lib\\\\\\\\basedriver\\\\\\\\commands\\\\\\\\find.ts:75:12)\"}}'}\n\n    def check_response(self, response: Dict[str, Any]) -> None:\n        \"\"\"\n        https://www.w3.org/TR/webdriver/#errors\n        \"\"\"\n        payload = response.get('value', '')\n        try:\n            payload_dict = json.loads(payload)\n        except (json.JSONDecodeError, TypeError):\n            return\n        if not isinstance(payload_dict, dict):\n            return\n        value = payload_dict.get('value')\n        if not isinstance(value, dict):\n            return\n        error = value.get('error')\n        if not error:\n            return\n    \n        message = value.get('message', error)\n        stacktrace = value.get('stacktrace', '')\n        # In theory, we should also be checking HTTP status codes.\n        # Java client, for example, prints a warning if the actual `error`\n        # value does not match to the response's HTTP status code.\n        exception_class: Type[sel_exceptions.WebDriverException] = ERROR_TO_EXC_MAPPING.get(\n            error, sel_exceptions.WebDriverException\n        )\n        if exception_class is sel_exceptions.WebDriverException and message:\n            if message == 'No such context found.':\n                exception_class = appium_exceptions.NoSuchContextException\n            elif message == 'That command could not be executed in the current context.':\n                exception_class = appium_exceptions.InvalidSwitchToTargetException\n    \n        if exception_class is sel_exceptions.UnexpectedAlertPresentException:\n            raise sel_exceptions.UnexpectedAlertPresentException(\n                msg=message,\n                stacktrace=format_stacktrace(stacktrace),\n                alert_text=value.get('data'),\n            )\n>       raise exception_class(msg=message, stacktrace=format_stacktrace(stacktrace))\nE       selenium.common.exceptions.WebDriverException: Message: An unknown server-side error occurred while processing the command. Original error: 'POST /element' cannot be proxied to UiAutomator2 server because the instrumentation process is not running (probably crashed). Check the server log and/or the logcat output for more details\nE       Stacktrace:\nE       UnknownError: An unknown server-side error occurred while processing the command. Original error: 'POST /element' cannot be proxied to UiAutomator2 server because the instrumentation process is not running (probably crashed). Check the server log and/or the logcat output for more details\nE           at UIA2Proxy.command (E:\\DM\\ShirleyPytest\\node_modules\\@appium\\base-driver\\lib\\jsonwp-proxy\\proxy.js:355:13)\nE           at processTicksAndRejections (node:internal/process/task_queues:95:5)\nE           at AndroidUiautomator2Driver.helpers.doFindElementOrEls (E:\\DM\\ShirleyPytest\\node_modules\\appium-uiautomator2-driver\\lib\\commands\\find.js:30:10)\nE           at doFind (E:\\DM\\ShirleyPytest\\node_modules\\appium-uiautomator2-driver\\node_modules\\appium-android-driver\\lib\\commands\\find.js:36:17)\nE           at wrappedCondFn (E:\\DM\\ShirleyPytest\\node_modules\\@appium\\base-driver\\lib\\basedriver\\commands\\timeout.ts:137:14)\nE           at spin (E:\\DM\\ShirleyPytest\\node_modules\\asyncbox\\lib\\asyncbox.js:221:20)\nE           at waitForCondition (E:\\DM\\ShirleyPytest\\node_modules\\asyncbox\\lib\\asyncbox.js:238:10)\nE           at AndroidUiautomator2Driver.implicitWaitForCondition (E:\\DM\\ShirleyPytest\\node_modules\\@appium\\base-driver\\lib\\basedriver\\commands\\timeout.ts:139:12)\nE           at AndroidUiautomator2Driver.findElOrEls (E:\\DM\\ShirleyPytest\\node_modules\\appium-uiautomator2-driver\\node_modules\\appium-android-driver\\lib\\commands\\find.js:60:5)\nE           at AndroidUiautomator2Driver.findElOrElsWithProcessing (E:\\DM\\ShirleyPytest\\node_modules\\@appium\\base-driver\\lib\\basedriver\\commands\\find.ts:60:12)\nE           at AndroidUiautomator2Driver.findElement (E:\\DM\\ShirleyPytest\\node_modules\\@appium\\base-driver\\lib\\basedriver\\commands\\find.ts:75:12)\n\nD:\\software\\Python310\\lib\\site-packages\\appium\\webdriver\\errorhandler.py:122: WebDriverException","steps":[{"name":"设置页 - 点击设置","time":{"start":1699841940633,"stop":1699841940752,"duration":119},"status":"broken","statusMessage":"selenium.common.exceptions.WebDriverException: Message: An unknown server-side error occurred while processing the command. Original error: 'POST /element' cannot be proxied to UiAutomator2 server because the instrumentation process is not running (probably crashed). Check the server log and/or the logcat output for more details\nStacktrace:\nUnknownError: An unknown server-side error occurred while processing the command. Original error: 'POST /element' cannot be proxied to UiAutomator2 server because the instrumentation process is not running (probably crashed). Check the server log and/or the logcat output for more details\n    at UIA2Proxy.command (E:\\DM\\ShirleyPytest\\node_modules\\@appium\\base-driver\\lib\\jsonwp-proxy\\proxy.js:355:13)\n    at processTicksAndRejections (node:internal/process/task_queues:95:5)\n    at AndroidUiautomator2Driver.helpers.doFindElementOrEls (E:\\DM\\ShirleyPytest\\node_modules\\appium-uiautomator2-driver\\lib\\commands\\find.js:30:10)\n    at doFind (E:\\DM\\ShirleyPytest\\node_modules\\appium-uiautomator2-driver\\node_modules\\appium-android-driver\\lib\\commands\\find.js:36:17)\n    at wrappedCondFn (E:\\DM\\ShirleyPytest\\node_modules\\@appium\\base-driver\\lib\\basedriver\\commands\\timeout.ts:137:14)\n    at spin (E:\\DM\\ShirleyPytest\\node_modules\\asyncbox\\lib\\asyncbox.js:221:20)\n    at waitForCondition (E:\\DM\\ShirleyPytest\\node_modules\\asyncbox\\lib\\asyncbox.js:238:10)\n    at AndroidUiautomator2Driver.implicitWaitForCondition (E:\\DM\\ShirleyPytest\\node_modules\\@appium\\base-driver\\lib\\basedriver\\commands\\timeout.ts:139:12)\n    at AndroidUiautomator2Driver.findElOrEls (E:\\DM\\ShirleyPytest\\node_modules\\appium-uiautomator2-driver\\node_modules\\appium-android-driver\\lib\\commands\\find.js:60:5)\n    at AndroidUiautomator2Driver.findElOrElsWithProcessing (E:\\DM\\ShirleyPytest\\node_modules\\@appium\\base-driver\\lib\\basedriver\\commands\\find.ts:60:12)\n    at AndroidUiautomator2Driver.findElement (E:\\DM\\ShirleyPytest\\node_modules\\@appium\\base-driver\\lib\\basedriver\\commands\\find.ts:75:12)\n","statusTrace":"  File \"D:\\software\\Python310\\lib\\site-packages\\allure_commons\\_allure.py\", line 192, in impl\n    return func(*a, **kw)\n  File \"E:\\DM\\ShirleyPytest\\page\\carcenter_page.py\", line 47, in click_carcenter\n    self.click(self.carcenter)\n  File \"E:\\DM\\ShirleyPytest\\base\\base_action.py\", line 44, in click\n    self.find_element(feature, timeout, poll).click()\n  File \"E:\\DM\\ShirleyPytest\\base\\base_action.py\", line 25, in find_element\n    return WebDriverWait(self.driver, timeout, poll).until(lambda x: x.find_element(*feature))\n  File \"D:\\software\\Python310\\lib\\site-packages\\selenium\\webdriver\\support\\wait.py\", line 86, in until\n    value = method(self._driver)\n  File \"E:\\DM\\ShirleyPytest\\base\\base_action.py\", line 25, in <lambda>\n    return WebDriverWait(self.driver, timeout, poll).until(lambda x: x.find_element(*feature))\n  File \"D:\\software\\Python310\\lib\\site-packages\\appium\\webdriver\\webdriver.py\", line 409, in find_element\n    return self.execute(RemoteCommand.FIND_ELEMENT, {'using': by, 'value': value})['value']\n  File \"D:\\software\\Python310\\lib\\site-packages\\selenium\\webdriver\\remote\\webdriver.py\", line 344, in execute\n    self.error_handler.check_response(response)\n  File \"D:\\software\\Python310\\lib\\site-packages\\appium\\webdriver\\errorhandler.py\", line 122, in check_response\n    raise exception_class(msg=message, stacktrace=format_stacktrace(stacktrace))\n","steps":[],"attachments":[],"parameters":[],"shouldDisplayMessage":true,"attachmentsCount":0,"hasContent":true,"stepsCount":0}],"attachments":[{"uid":"98683afe858edeb7","name":"log","source":"98683afe858edeb7.txt","type":"text/plain","size":68}],"parameters":[],"shouldDisplayMessage":true,"attachmentsCount":1,"hasContent":true,"stepsCount":1},"afterStages":[{"name":"_xunit_setup_method_fixture_TestCarcenter::0","time":{"start":1699841941056,"stop":1699841941341,"duration":285},"status":"passed","steps":[],"attachments":[],"parameters":[],"shouldDisplayMessage":false,"attachmentsCount":0,"hasContent":false,"stepsCount":0}],"labels":[{"name":"severity","value":"blocker"},{"name":"parentSuite","value":"scripts"},{"name":"suite","value":"test01_carcenter"},{"name":"subSuite","value":"TestCarcenter"},{"name":"host","value":"H-K4E-234022"},{"name":"thread","value":"30596-MainThread"},{"name":"framework","value":"pytest"},{"name":"language","value":"cpython3"},{"name":"package","value":"scripts.test01_carcenter"},{"name":"resultFormat","value":"allure2"}],"parameters":[],"links":[],"hidden":true,"retry":true,"extra":{"categories":[],"tags":[]},"source":"f213eb46dd0f0284.json","parameterValues":[]}